<?xml version="1.0" encoding="UTF-8"?>
<testsuite xmlns:xsi="http://www.w3.org/2001/XMLSchema-instance" xsi:noNamespaceSchemaLocation="https://maven.apache.org/surefire/maven-surefire-plugin/xsd/surefire-test-report.xsd" name="com.flexon.FileReaderTest" time="0.023" tests="5" errors="0" skipped="0" failures="0">
  <properties>
[...]
</properties>
  <testcase name="printTest" classname="com.flexon.FileReaderTest" time="0.007"/>
  <testcase name="reversedTest" classname="com.flexon.FileReaderTest" time="0"/>
  <testcase name="frequencyTest" classname="com.flexon.FileReaderTest" time="0"/>
  <testcase name="readTestComma" classname="com.flexon.FileReaderTest" time="0"/>
  <testcase name="readTestSpace" classname="com.flexon.FileReaderTest" time="0"/>
</testsuite>